<?xml version="1.0" encoding="UTF-8"?>
<!-- Generated by org.testng.reporters.JUnitReportReporter -->
<testsuite hostname="DESKTOP-10NCPP2" failures="0" tests="1" name="GroupExecution.Create_Campaign_TEST" time="4.388" errors="0" timestamp="2025-07-06T10:50:05 IST" skipped="0">
  <testcase classname="GroupExecution.Create_Campaign_TEST" name="createCampaign" time="4.388">
    <system-out>
      <![CDATA[==========createCampaign====STARTED======
successfully created the campaignCampaignMine
==========createCampaign====SUCCESS======]]>
    </system-out>
  </testcase> <!-- createCampaign -->
  <system-out>
    <![CDATA[Report Configuration
Establish DB Connectivity
Pre-Conditions
Launching the Browser
Login Action Started
==========createCampaign====STARTED======
successfully created the campaignCampaignMine
==========createCampaign====SUCCESS======
Lggedout successfully
Browser closed successfully
Post-Conditions
Disconnect Database]]>
  </system-out>
</testsuite> <!-- GroupExecution.Create_Campaign_TEST -->
